<?xml version="1.0" encoding="UTF-8"?>
<!-- Generated by org.testng.reporters.JUnitXMLReporter -->
<testsuite hostname="PANKAJ" ignored="0" name="ChromeTest" tests="8" failures="4" timestamp="10 Sep 2017 15:44:07 GMT" time="44.416" errors="0">
  <testcase name="@AfterClass tearDown" time="0.001" classname="com.pack.base.TestBaseSetup">
    <failure type="java.lang.NullPointerException">
      <![CDATA[java.lang.NullPointerException
	at com.pack.base.TestBaseSetup.tearDown(TestBaseSetup.java:112)
... Removed 25 stack frames]]>
    </failure>
  </testcase> <!-- @AfterClass tearDown -->
  <testcase name="fBShare" time="10.008" classname="com.pack.test.CompleteShareandSaveTest">
    <failure type="java.lang.NullPointerException">
      <![CDATA[java.lang.NullPointerException
	at com.pack.pageObjects.SharingFromHomePage.clickonFBbutton(SharingFromHomePage.java:29)
	at com.pack.test.CompleteShareandSaveTest.fBShare(CompleteShareandSaveTest.java:27)
... Removed 25 stack frames]]>
    </failure>
  </testcase> <!-- fBShare -->
  <testcase name="fBThankYouMsg" time="0.002" classname="com.pack.test.CompleteShareandSaveTest"/>
  <testcase name="twitterShare" time="5.002" classname="com.pack.test.CompleteShareandSaveTest">
    <failure type="java.lang.NullPointerException">
      <![CDATA[java.lang.NullPointerException
	at com.pack.pageObjects.SharingFromHomePage.clickontweetbutton(SharingFromHomePage.java:114)
	at com.pack.test.CompleteShareandSaveTest.twitterShare(CompleteShareandSaveTest.java:45)
... Removed 25 stack frames]]>
    </failure>
  </testcase> <!-- twitterShare -->
  <testcase name="tweetThankYouMsg" time="0.009" classname="com.pack.test.CompleteShareandSaveTest"/>
  <testcase name="pinShare" time="6.016" classname="com.pack.test.CompleteShareandSaveTest">
    <failure type="java.lang.NullPointerException">
      <![CDATA[java.lang.NullPointerException
	at com.pack.pageObjects.SharingFromHomePage.pinShare(SharingFromHomePage.java:213)
	at com.pack.test.CompleteShareandSaveTest.pinShare(CompleteShareandSaveTest.java:62)
... Removed 25 stack frames]]>
    </failure>
  </testcase> <!-- pinShare -->
  <testcase name="pinThankYouMsg" time="0.01" classname="com.pack.test.CompleteShareandSaveTest"/>
  <testcase name="emailShare" time="6.003" classname="com.pack.test.CompleteShareandSaveTest">
    <failure type="java.lang.NullPointerException">
      <![CDATA[java.lang.NullPointerException
	at com.pack.pageObjects.SharingFromHomePage.clickonemailShareBtn(SharingFromHomePage.java:324)
	at com.pack.test.CompleteShareandSaveTest.emailShare(CompleteShareandSaveTest.java:79)
... Removed 25 stack frames]]>
    </failure>
  </testcase> <!-- emailShare -->
  <testcase name="emailThankYouMsg" time="0.003" classname="com.pack.test.CompleteShareandSaveTest"/>
</testsuite> <!-- ChromeTest -->
