<?xml version="1.0" encoding="UTF-8"?>
<testsuite xmlns:xsi="http://www.w3.org/2001/XMLSchema-instance" xsi:schemaLocation="https://maven.apache.org/surefire/maven-surefire-plugin/xsd/surefire-test-report.xsd" name="TestSuite" time="130.342" tests="18" errors="0" skipped="0" failures="10">
  <properties>
[...]
</properties>
  <testcase name="fBShare" classname="com.pack.test.CompleteShareandSaveTest" time="10.032">
    <failure type="java.lang.NullPointerException">java.lang.NullPointerException
	at com.pack.test.CompleteShareandSaveTest.fBShare(CompleteShareandSaveTest.java:27)
</failure>
    <system-out><![CDATA[Launching Firefox browser with appUrl..
Error.....[Ljava.lang.StackTraceElement;@6b9651f3
Starting Sharing with FB Service...
]]></system-out>
  </testcase>
  <testcase name="fBShare" classname="com.pack.test.CompleteShareandSaveTest" time="10.007">
    <failure type="java.lang.NullPointerException">java.lang.NullPointerException
	at com.pack.test.CompleteShareandSaveTest.fBShare(CompleteShareandSaveTest.java:27)
</failure>
    <system-out><![CDATA[Launching google chrome..
Error.....[Ljava.lang.StackTraceElement;@4dbb42b7
Starting Sharing with FB Service...
]]></system-out>
    <system-err><![CDATA[Starting ChromeDriver 2.31.488763 (092de99f48a300323ecf8c2a4e2e7cab51de5ba8) on port 15491
Only local connections are allowed.
]]></system-err>
  </testcase>
  <testcase name="fBThankYouMsg" classname="com.pack.test.CompleteShareandSaveTest" time="0.001"/>
  <testcase name="fBThankYouMsg" classname="com.pack.test.CompleteShareandSaveTest" time="0"/>
  <testcase name="twitterShare" classname="com.pack.test.CompleteShareandSaveTest" time="5.01">
    <failure type="java.lang.NullPointerException">java.lang.NullPointerException
	at com.pack.test.CompleteShareandSaveTest.twitterShare(CompleteShareandSaveTest.java:45)
</failure>
    <system-out><![CDATA[Starting Sharing with Twitter Service...
]]></system-out>
  </testcase>
  <testcase name="twitterShare" classname="com.pack.test.CompleteShareandSaveTest" time="5.008">
    <failure type="java.lang.NullPointerException">java.lang.NullPointerException
	at com.pack.test.CompleteShareandSaveTest.twitterShare(CompleteShareandSaveTest.java:45)
</failure>
    <system-out><![CDATA[Starting Sharing with Twitter Service...
]]></system-out>
  </testcase>
  <testcase name="tweetThankYouMsg" classname="com.pack.test.CompleteShareandSaveTest" time="0.003"/>
  <testcase name="tweetThankYouMsg" classname="com.pack.test.CompleteShareandSaveTest" time="0.009"/>
  <testcase name="pinShare" classname="com.pack.test.CompleteShareandSaveTest" time="6.001">
    <failure type="java.lang.NullPointerException">java.lang.NullPointerException
	at com.pack.test.CompleteShareandSaveTest.pinShare(CompleteShareandSaveTest.java:62)
</failure>
    <system-out><![CDATA[Starting Sharing with Pinterest Service...
]]></system-out>
  </testcase>
  <testcase name="pinShare" classname="com.pack.test.CompleteShareandSaveTest" time="6.001">
    <failure type="java.lang.NullPointerException">java.lang.NullPointerException
	at com.pack.test.CompleteShareandSaveTest.pinShare(CompleteShareandSaveTest.java:62)
</failure>
    <system-out><![CDATA[Starting Sharing with Pinterest Service...
]]></system-out>
  </testcase>
  <testcase name="pinThankYouMsg" classname="com.pack.test.CompleteShareandSaveTest" time="0.001"/>
  <testcase name="pinThankYouMsg" classname="com.pack.test.CompleteShareandSaveTest" time="0"/>
  <testcase name="emailShare" classname="com.pack.test.CompleteShareandSaveTest" time="6.007">
    <failure type="java.lang.NullPointerException">java.lang.NullPointerException
	at com.pack.test.CompleteShareandSaveTest.emailShare(CompleteShareandSaveTest.java:79)
</failure>
    <system-out><![CDATA[Starting Sharing with Email Service...
]]></system-out>
  </testcase>
  <testcase name="emailShare" classname="com.pack.test.CompleteShareandSaveTest" time="6.001">
    <failure type="java.lang.NullPointerException">java.lang.NullPointerException
	at com.pack.test.CompleteShareandSaveTest.emailShare(CompleteShareandSaveTest.java:79)
</failure>
    <system-out><![CDATA[Starting Sharing with Email Service...
]]></system-out>
  </testcase>
  <testcase name="emailThankYouMsg" classname="com.pack.test.CompleteShareandSaveTest" time="0.008"/>
  <testcase name="emailThankYouMsg" classname="com.pack.test.CompleteShareandSaveTest" time="0"/>
  <testcase name="tearDown" classname="com.pack.test.CompleteShareandSaveTest" time="0.01">
    <failure type="java.lang.NullPointerException">java.lang.NullPointerException
</failure>
  </testcase>
  <testcase name="tearDown" classname="com.pack.test.CompleteShareandSaveTest" time="0.001">
    <failure type="java.lang.NullPointerException">java.lang.NullPointerException
</failure>
  </testcase>
</testsuite>