-------------------------------------------------------------------------------
Test set: TestSuite
-------------------------------------------------------------------------------
Tests run: 18, Failures: 10, Errors: 0, Skipped: 0, Time elapsed: 130.342 sec <<< FAILURE! - in TestSuite
fBShare(com.pack.test.CompleteShareandSaveTest)  Time elapsed: 10.032 sec  <<< FAILURE!
java.lang.NullPointerException
	at com.pack.test.CompleteShareandSaveTest.fBShare(CompleteShareandSaveTest.java:27)

twitterShare(com.pack.test.CompleteShareandSaveTest)  Time elapsed: 5.01 sec  <<< FAILURE!
java.lang.NullPointerException
	at com.pack.test.CompleteShareandSaveTest.twitterShare(CompleteShareandSaveTest.java:45)

pinShare(com.pack.test.CompleteShareandSaveTest)  Time elapsed: 6.001 sec  <<< FAILURE!
java.lang.NullPointerException
	at com.pack.test.CompleteShareandSaveTest.pinShare(CompleteShareandSaveTest.java:62)

emailShare(com.pack.test.CompleteShareandSaveTest)  Time elapsed: 6.007 sec  <<< FAILURE!
java.lang.NullPointerException
	at com.pack.test.CompleteShareandSaveTest.emailShare(CompleteShareandSaveTest.java:79)

tearDown(com.pack.test.CompleteShareandSaveTest)  Time elapsed: 0.01 sec  <<< FAILURE!
java.lang.NullPointerException

fBShare(com.pack.test.CompleteShareandSaveTest)  Time elapsed: 10.007 sec  <<< FAILURE!
java.lang.NullPointerException
	at com.pack.test.CompleteShareandSaveTest.fBShare(CompleteShareandSaveTest.java:27)

twitterShare(com.pack.test.CompleteShareandSaveTest)  Time elapsed: 5.008 sec  <<< FAILURE!
java.lang.NullPointerException
	at com.pack.test.CompleteShareandSaveTest.twitterShare(CompleteShareandSaveTest.java:45)

pinShare(com.pack.test.CompleteShareandSaveTest)  Time elapsed: 6.001 sec  <<< FAILURE!
java.lang.NullPointerException
	at com.pack.test.CompleteShareandSaveTest.pinShare(CompleteShareandSaveTest.java:62)

emailShare(com.pack.test.CompleteShareandSaveTest)  Time elapsed: 6.001 sec  <<< FAILURE!
java.lang.NullPointerException
	at com.pack.test.CompleteShareandSaveTest.emailShare(CompleteShareandSaveTest.java:79)

tearDown(com.pack.test.CompleteShareandSaveTest)  Time elapsed: 0.001 sec  <<< FAILURE!
java.lang.NullPointerException

