<?xml version="1.0" encoding="UTF-8" ?>
<testsuite tests="12" failures="1" name="TestSuite" time="0.712" errors="0" skipped="10">
  <properties>
[...]
</properties>
  <testcase classname="com.pack.test.TestNG" name="f" time="0.027"/>
  <testcase classname="com.pack.test.CompleteShareandSaveTest" name="initializeTestBaseSetup" time="0.06">
    <failure message="
Parameter &apos;browserType&apos; is required by BeforeClass on method initializeTestBaseSetup but has not been marked @Optional or defined
" type="org.testng.TestNGException">org.testng.TestNGException: 
Parameter &apos;browserType&apos; is required by BeforeClass on method initializeTestBaseSetup but has not been marked @Optional or defined

	at org.testng.internal.Parameters.createParameters(Parameters.java:199)
	at org.testng.internal.Parameters.createParameters(Parameters.java:443)
	at org.testng.internal.Parameters.createConfigurationParameters(Parameters.java:118)
	at org.testng.internal.Invoker.invokeConfigurations(Invoker.java:206)
	at org.testng.internal.Invoker.invokeConfigurations(Invoker.java:146)
	at org.testng.internal.TestMethodWorker.invokeBeforeClassMethods(TestMethodWorker.java:166)
	at org.testng.internal.TestMethodWorker.run(TestMethodWorker.java:105)
	at org.testng.TestRunner.privateRun(TestRunner.java:744)
	at org.testng.TestRunner.run(TestRunner.java:602)
	at org.testng.SuiteRunner.runTest(SuiteRunner.java:380)
	at org.testng.SuiteRunner.runSequentially(SuiteRunner.java:375)
	at org.testng.SuiteRunner.privateRun(SuiteRunner.java:340)
	at org.testng.SuiteRunner.run(SuiteRunner.java:289)
	at org.testng.SuiteRunnerWorker.runSuite(SuiteRunnerWorker.java:52)
	at org.testng.SuiteRunnerWorker.run(SuiteRunnerWorker.java:86)
	at org.testng.TestNG.runSuitesSequentially(TestNG.java:1301)
	at org.testng.TestNG.runSuitesLocally(TestNG.java:1226)
	at org.testng.TestNG.runSuites(TestNG.java:1144)
	at org.testng.TestNG.run(TestNG.java:1115)
	at org.apache.maven.surefire.testng.TestNGExecutor.run(TestNGExecutor.java:77)
	at org.apache.maven.surefire.testng.TestNGDirectoryTestSuite.executeMulti(TestNGDirectoryTestSuite.java:159)
	at org.apache.maven.surefire.testng.TestNGDirectoryTestSuite.execute(TestNGDirectoryTestSuite.java:99)
	at org.apache.maven.surefire.testng.TestNGProvider.invoke(TestNGProvider.java:106)
	at sun.reflect.NativeMethodAccessorImpl.invoke0(Native Method)
	at sun.reflect.NativeMethodAccessorImpl.invoke(Unknown Source)
	at sun.reflect.DelegatingMethodAccessorImpl.invoke(Unknown Source)
	at java.lang.reflect.Method.invoke(Unknown Source)
	at org.apache.maven.surefire.util.ReflectionUtils.invokeMethodWithArray(ReflectionUtils.java:189)
	at org.apache.maven.surefire.booter.ProviderFactory$ProviderProxy.invoke(ProviderFactory.java:165)
	at org.apache.maven.surefire.booter.ProviderFactory.invokeProvider(ProviderFactory.java:85)
	at org.apache.maven.surefire.booter.ForkedBooter.runSuitesInProcess(ForkedBooter.java:115)
	at org.apache.maven.surefire.booter.ForkedBooter.main(ForkedBooter.java:75)
</failure>
  </testcase>
  <testcase classname="com.pack.test.CompleteShareandSaveTest" name="setUp" time="0.062">
    <skipped/>
  </testcase>
  <testcase classname="com.pack.test.CompleteShareandSaveTest" name="fBShare" time="0.062">
    <skipped/>
  </testcase>
  <testcase classname="com.pack.test.CompleteShareandSaveTest" name="fBThankYouMsg" time="0.062">
    <skipped/>
  </testcase>
  <testcase classname="com.pack.test.CompleteShareandSaveTest" name="twitterShare" time="0.062">
    <skipped/>
  </testcase>
  <testcase classname="com.pack.test.CompleteShareandSaveTest" name="tweetThankYouMsg" time="0.062">
    <skipped/>
  </testcase>
  <testcase classname="com.pack.test.CompleteShareandSaveTest" name="pinShare" time="0.063">
    <skipped/>
  </testcase>
  <testcase classname="com.pack.test.CompleteShareandSaveTest" name="pinThankYouMsg" time="0.063">
    <skipped/>
  </testcase>
  <testcase classname="com.pack.test.CompleteShareandSaveTest" name="emailShare" time="0.063">
    <skipped/>
  </testcase>
  <testcase classname="com.pack.test.CompleteShareandSaveTest" name="emailThankYouMsg" time="0.063">
    <skipped/>
  </testcase>
  <testcase classname="com.pack.test.CompleteShareandSaveTest" name="tearDown" time="0.063">
    <skipped/>
  </testcase>
</testsuite>